#
# There is insufficient memory for the Java Runtime Environment to continue.
# Native memory allocation (malloc) failed to allocate 974224 bytes for Chunk::new
# Possible reasons:
#   The system is out of physical RAM or swap space
#   The process is running with CompressedOops enabled, and the Java Heap may be blocking the growth of the native heap
# Possible solutions:
#   Reduce memory load on the system
#   Increase physical memory or swap space
#   Check if swap backing store is full
#   Decrease Java heap size (-Xmx/-Xms)
#   Decrease number of Java threads
#   Decrease Java thread stack sizes (-Xss)
#   Set larger code cache with -XX:ReservedCodeCacheSize=
#   JVM is running with Zero Based Compressed Oops mode in which the Java heap is
#     placed in the first 32GB address space. The Java Heap base address is the
#     maximum limit for the native heap growth. Please use -XX:HeapBaseMinAddress
#     to set the Java Heap base and to place the Java Heap above 32GB virtual address.
# This output file may be truncated or incomplete.
#
#  Out of Memory Error (arena.cpp:189), pid=3308, tid=24324
#
# JRE version: OpenJDK Runtime Environment Temurin-17.0.8.1+1 (17.0.8.1+1) (build 17.0.8.1+1)
# Java VM: OpenJDK 64-Bit Server VM Temurin-17.0.8.1+1 (17.0.8.1+1, mixed mode, tiered, compressed oops, compressed class ptrs, g1 gc, windows-amd64)
# No core dump will be written. Minidumps are not enabled by default on client versions of Windows
#

---------------  S U M M A R Y ------------

Command Line: -Dmaven.home=EMBEDDED -Dclassworlds.conf=C:\Users\aep_development1\eclipse-workspace\.metadata\.plugins\org.eclipse.m2e.launching\launches\m2conf4598812125042614349.tmp -Dmaven.multiModuleProjectDirectory=F:\esraa\Apps\Vending_Machine -Dm2e.build.project.data.socket.port=53479 -Dfile.encoding=UTF-8 -XX:+ShowCodeDetailsInExceptionMessages org.codehaus.plexus.classworlds.launcher.Launcher -B -Dmaven.test.skip=true -DskipTests -Dstyle.color=always clean install

Host: 11th Gen Intel(R) Core(TM) i7-1165G7 @ 2.80GHz, 8 cores, 15G,  Windows 10 , 64 bit Build 19041 (10.0.19041.1348)
Time: Sun Oct  8 12:00:16 2023 Egypt Standard Time elapsed time: 3.886654 seconds (0d 0h 0m 3s)

---------------  T H R E A D  ---------------

Current thread (0x0000027a17ecbf50):  JavaThread "C2 CompilerThread2" daemon [_thread_in_native, id=24324, stack(0x000000a824600000,0x000000a824700000)]


Current CompileTask:
C2:   3886 7241   !   4       java.lang.ClassLoader::loadClass (121 bytes)

Stack: [0x000000a824600000,0x000000a824700000]
Native frames: (J=compiled Java code, j=interpreted, Vv=VM code, C=native code)
V  [jvm.dll+0x678b0a]
V  [jvm.dll+0x835e84]
V  [jvm.dll+0x83762e]
V  [jvm.dll+0x837c93]
V  [jvm.dll+0x24746f]
V  [jvm.dll+0xac20c]
V  [jvm.dll+0xac7dc]
V  [jvm.dll+0x11ed67]
V  [jvm.dll+0x60b115]
V  [jvm.dll+0x6097e4]
V  [jvm.dll+0x219a68]
V  [jvm.dll+0x219011]
V  [jvm.dll+0x1a534d]
V  [jvm.dll+0x228d8a]
V  [jvm.dll+0x226dcc]
V  [jvm.dll+0x7ec09b]
V  [jvm.dll+0x7e64ca]
V  [jvm.dll+0x677955]
C  [ucrtbase.dll+0x21bb2]
C  [KERNEL32.DLL+0x17034]
C  [ntdll.dll+0x52651]


---------------  P R O C E S S  ---------------

Threads class SMR info:
_java_thread_list=0x0000027a1a0d1230, length=14, elements={
0x0000027a73089e10, 0x0000027a17060020, 0x0000027a17061900, 0x0000027a1704c370,
0x0000027a1704ce40, 0x0000027a1708dff0, 0x0000027a1708e8c0, 0x0000027a170acaf0,
0x0000027a170ad400, 0x0000027a170ae4f0, 0x0000027a1722c060, 0x0000027a17239c00,
0x0000027a173abb10, 0x0000027a17ecbf50
}

Java Threads: ( => current thread )
  0x0000027a73089e10 JavaThread "main" [_thread_in_Java, id=23644, stack(0x000000a822b00000,0x000000a822c00000)]
  0x0000027a17060020 JavaThread "Reference Handler" daemon [_thread_blocked, id=9668, stack(0x000000a823200000,0x000000a823300000)]
  0x0000027a17061900 JavaThread "Finalizer" daemon [_thread_blocked, id=13884, stack(0x000000a823300000,0x000000a823400000)]
  0x0000027a1704c370 JavaThread "Signal Dispatcher" daemon [_thread_blocked, id=15396, stack(0x000000a823400000,0x000000a823500000)]
  0x0000027a1704ce40 JavaThread "Attach Listener" daemon [_thread_blocked, id=13316, stack(0x000000a823500000,0x000000a823600000)]
  0x0000027a1708dff0 JavaThread "Service Thread" daemon [_thread_blocked, id=9528, stack(0x000000a823600000,0x000000a823700000)]
  0x0000027a1708e8c0 JavaThread "Monitor Deflation Thread" daemon [_thread_blocked, id=19132, stack(0x000000a823700000,0x000000a823800000)]
  0x0000027a170acaf0 JavaThread "C2 CompilerThread0" daemon [_thread_in_native, id=17136, stack(0x000000a823800000,0x000000a823900000)]
  0x0000027a170ad400 JavaThread "C1 CompilerThread0" daemon [_thread_blocked, id=16204, stack(0x000000a823900000,0x000000a823a00000)]
  0x0000027a170ae4f0 JavaThread "Sweeper thread" daemon [_thread_blocked, id=23540, stack(0x000000a823a00000,0x000000a823b00000)]
  0x0000027a1722c060 JavaThread "Notification Thread" daemon [_thread_blocked, id=21300, stack(0x000000a823b00000,0x000000a823c00000)]
  0x0000027a17239c00 JavaThread "Common-Cleaner" daemon [_thread_blocked, id=27552, stack(0x000000a823d00000,0x000000a823e00000)]
  0x0000027a173abb10 JavaThread "C2 CompilerThread1" daemon [_thread_in_native, id=22592, stack(0x000000a823e00000,0x000000a823f00000)]
=>0x0000027a17ecbf50 JavaThread "C2 CompilerThread2" daemon [_thread_in_native, id=24324, stack(0x000000a824600000,0x000000a824700000)]

Other Threads:
  0x0000027a7ebae060 VMThread "VM Thread" [stack: 0x000000a823100000,0x000000a823200000] [id=18848]
  0x0000027a731121f0 WatcherThread [stack: 0x000000a823c00000,0x000000a823d00000] [id=2732]
  0x0000027a730f4bf0 GCTaskThread "GC Thread#0" [stack: 0x000000a822c00000,0x000000a822d00000] [id=7416]
  0x0000027a17e5ad20 GCTaskThread "GC Thread#1" [stack: 0x000000a823f00000,0x000000a824000000] [id=16568]
  0x0000027a17b8fd70 GCTaskThread "GC Thread#2" [stack: 0x000000a824000000,0x000000a824100000] [id=21556]
  0x0000027a17b9e700 GCTaskThread "GC Thread#3" [stack: 0x000000a824100000,0x000000a824200000] [id=12140]
  0x0000027a17b9e9c0 GCTaskThread "GC Thread#4" [stack: 0x000000a824200000,0x000000a824300000] [id=26644]
  0x0000027a17b9ec80 GCTaskThread "GC Thread#5" [stack: 0x000000a824300000,0x000000a824400000] [id=26308]
  0x0000027a17f50940 GCTaskThread "GC Thread#6" [stack: 0x000000a824400000,0x000000a824500000] [id=13008]
  0x0000027a17bf3ad0 GCTaskThread "GC Thread#7" [stack: 0x000000a824500000,0x000000a824600000] [id=14012]
  0x0000027a73105ee0 ConcurrentGCThread "G1 Main Marker" [stack: 0x000000a822d00000,0x000000a822e00000] [id=28080]
  0x0000027a731068f0 ConcurrentGCThread "G1 Conc#0" [stack: 0x000000a822e00000,0x000000a822f00000] [id=28100]
  0x0000027a18b87820 ConcurrentGCThread "G1 Conc#1" [stack: 0x000000a824700000,0x000000a824800000] [id=13956]
  0x0000027a7ea444f0 ConcurrentGCThread "G1 Refine#0" [stack: 0x000000a822f00000,0x000000a823000000] [id=3864]
  0x0000027a18d1bd30 ConcurrentGCThread "G1 Refine#1" [stack: 0x000000a824800000,0x000000a824900000] [id=25176]
  0x0000027a18d1a5b0 ConcurrentGCThread "G1 Refine#2" [stack: 0x000000a824900000,0x000000a824a00000] [id=6952]
  0x0000027a18d1ab90 ConcurrentGCThread "G1 Refine#3" [stack: 0x000000a824a00000,0x000000a824b00000] [id=5576]
  0x0000027a7ea44f20 ConcurrentGCThread "G1 Service" [stack: 0x000000a823000000,0x000000a823100000] [id=15760]

Threads with active compile tasks:
C2 CompilerThread0     3895 7420   !   4       java.util.jar.Attributes::read (494 bytes)
C2 CompilerThread1     3895 7336   !   4       org.codehaus.plexus.interpolation.StringSearchInterpolator::interpolate (668 bytes)
C2 CompilerThread2     3895 7241   !   4       java.lang.ClassLoader::loadClass (121 bytes)

VM state: not at safepoint (normal execution)

VM Mutex/Monitor currently owned by a thread: None

Heap address: 0x0000000704000000, size: 4032 MB, Compressed Oops mode: Zero based, Oop shift amount: 3

CDS archive(s) not mapped
Compressed class space mapped at: 0x0000000800000000-0x0000000840000000, reserved size: 1073741824
Narrow klass base: 0x0000000800000000, Narrow klass shift: 0, Narrow klass range: 0x40000000

GC Precious Log:
 CPUs: 8 total, 8 available
 Memory: 16126M
 Large Page Support: Disabled
 NUMA Support: Disabled
 Compressed Oops: Enabled (Zero based)
 Heap Region Size: 2M
 Heap Min Capacity: 8M
 Heap Initial Capacity: 252M
 Heap Max Capacity: 4032M
 Pre-touch: Disabled
 Parallel Workers: 8
 Concurrent Workers: 2
 Concurrent Refinement Workers: 8
 Periodic GC: Disabled

Heap:
 garbage-first heap   total 184320K, used 99518K [0x0000000704000000, 0x0000000800000000)
  region size 2048K, 21 young (43008K), 3 survivors (6144K)
 Metaspace       used 43097K, committed 43520K, reserved 1114112K
  class space    used 4661K, committed 4800K, reserved 1048576K

Heap Regions: E=young(eden), S=young(survivor), O=old, HS=humongous(starts), HC=humongous(continues), CS=collection set, F=free, OA=open archive, CA=closed archive, TAMS=top-at-mark-start (previous, next)
|   0|0x0000000704000000, 0x0000000704200000, 0x0000000704200000|100%| O|  |TAMS 0x0000000704200000, 0x0000000704200000| Untracked 
|   1|0x0000000704200000, 0x0000000704400000, 0x0000000704400000|100%| O|  |TAMS 0x0000000704400000, 0x0000000704400000| Untracked 
|   2|0x0000000704400000, 0x0000000704600000, 0x0000000704600000|100%| O|  |TAMS 0x0000000704400000, 0x0000000704600000| Untracked 
|   3|0x0000000704600000, 0x0000000704800000, 0x0000000704800000|100%| O|  |TAMS 0x0000000704800000, 0x0000000704800000| Untracked 
|   4|0x0000000704800000, 0x0000000704a00000, 0x0000000704a00000|100%| O|  |TAMS 0x0000000704800000, 0x0000000704a00000| Untracked 
|   5|0x0000000704a00000, 0x0000000704c00000, 0x0000000704c00000|100%| O|  |TAMS 0x0000000704a00000, 0x0000000704c00000| Untracked 
|   6|0x0000000704c00000, 0x0000000704e00000, 0x0000000704e00000|100%| O|  |TAMS 0x0000000704c00000, 0x0000000704e00000| Untracked 
|   7|0x0000000704e00000, 0x0000000705000000, 0x0000000705000000|100%| O|  |TAMS 0x0000000705000000, 0x0000000705000000| Untracked 
|   8|0x0000000705000000, 0x0000000705200000, 0x0000000705200000|100%| O|  |TAMS 0x00000007050bb400, 0x0000000705200000| Untracked 
|   9|0x0000000705200000, 0x0000000705400000, 0x0000000705400000|100%|HS|  |TAMS 0x0000000705200000, 0x0000000705400000| Complete 
|  10|0x0000000705400000, 0x0000000705600000, 0x0000000705600000|100%| O|  |TAMS 0x0000000705400000, 0x0000000705600000| Untracked 
|  11|0x0000000705600000, 0x0000000705800000, 0x0000000705800000|100%| O|  |TAMS 0x0000000705600000, 0x0000000705800000| Untracked 
|  12|0x0000000705800000, 0x0000000705a00000, 0x0000000705a00000|100%| O|  |TAMS 0x0000000705800000, 0x0000000705a00000| Untracked 
|  13|0x0000000705a00000, 0x0000000705c00000, 0x0000000705c00000|100%| O|  |TAMS 0x0000000705a00000, 0x0000000705c00000| Untracked 
|  14|0x0000000705c00000, 0x0000000705e00000, 0x0000000705e00000|100%| O|  |TAMS 0x0000000705c00000, 0x0000000705e00000| Untracked 
|  15|0x0000000705e00000, 0x0000000706000000, 0x0000000706000000|100%| O|  |TAMS 0x0000000705e00000, 0x0000000706000000| Untracked 
|  16|0x0000000706000000, 0x0000000706200000, 0x0000000706200000|100%| O|  |TAMS 0x0000000706000000, 0x0000000706200000| Untracked 
|  17|0x0000000706200000, 0x0000000706400000, 0x0000000706400000|100%| O|  |TAMS 0x0000000706200000, 0x0000000706400000| Untracked 
|  18|0x0000000706400000, 0x00000007064eca00, 0x0000000706600000| 46%| O|  |TAMS 0x0000000706400000, 0x00000007064eca00| Untracked 
|  19|0x0000000706600000, 0x0000000706800000, 0x0000000706800000|100%|HS|  |TAMS 0x0000000706600000, 0x0000000706800000| Complete 
|  20|0x0000000706800000, 0x0000000706a00000, 0x0000000706a00000|100%|HS|  |TAMS 0x0000000706800000, 0x0000000706a00000| Complete 
|  21|0x0000000706a00000, 0x0000000706c00000, 0x0000000706c00000|100%|HS|  |TAMS 0x0000000706a00000, 0x0000000706c00000| Complete 
|  22|0x0000000706c00000, 0x0000000706e00000, 0x0000000706e00000|100%|HS|  |TAMS 0x0000000706c00000, 0x0000000706e00000| Complete 
|  23|0x0000000706e00000, 0x0000000707000000, 0x0000000707000000|100%|HS|  |TAMS 0x0000000706e00000, 0x0000000707000000| Complete 
|  24|0x0000000707000000, 0x0000000707200000, 0x0000000707200000|100%|HS|  |TAMS 0x0000000707000000, 0x0000000707200000| Complete 
|  25|0x0000000707200000, 0x0000000707400000, 0x0000000707400000|100%|HS|  |TAMS 0x0000000707200000, 0x0000000707400000| Complete 
|  26|0x0000000707400000, 0x0000000707600000, 0x0000000707600000|100%|HS|  |TAMS 0x0000000707400000, 0x0000000707400000| Complete 
|  27|0x0000000707600000, 0x0000000707800000, 0x0000000707800000|100%|HS|  |TAMS 0x0000000707600000, 0x0000000707600000| Complete 
|  28|0x0000000707800000, 0x0000000707a00000, 0x0000000707a00000|100%|HS|  |TAMS 0x0000000707800000, 0x0000000707800000| Complete 
|  29|0x0000000707a00000, 0x0000000707c00000, 0x0000000707c00000|100%|HS|  |TAMS 0x0000000707a00000, 0x0000000707a00000| Complete 
|  30|0x0000000707c00000, 0x0000000707c00000, 0x0000000707e00000|  0%| F|  |TAMS 0x0000000707c00000, 0x0000000707c00000| Untracked 
|  31|0x0000000707e00000, 0x0000000707e00000, 0x0000000708000000|  0%| F|  |TAMS 0x0000000707e00000, 0x0000000707e00000| Untracked 
|  32|0x0000000708000000, 0x0000000708000000, 0x0000000708200000|  0%| F|  |TAMS 0x0000000708000000, 0x0000000708000000| Untracked 
|  33|0x0000000708200000, 0x0000000708200000, 0x0000000708400000|  0%| F|  |TAMS 0x0000000708200000, 0x0000000708200000| Untracked 
|  34|0x0000000708400000, 0x0000000708400000, 0x0000000708600000|  0%| F|  |TAMS 0x0000000708400000, 0x0000000708400000| Untracked 
|  35|0x0000000708600000, 0x0000000708600000, 0x0000000708800000|  0%| F|  |TAMS 0x0000000708600000, 0x0000000708600000| Untracked 
|  36|0x0000000708800000, 0x0000000708800000, 0x0000000708a00000|  0%| F|  |TAMS 0x0000000708800000, 0x0000000708800000| Untracked 
|  37|0x0000000708a00000, 0x0000000708a00000, 0x0000000708c00000|  0%| F|  |TAMS 0x0000000708a00000, 0x0000000708a00000| Untracked 
|  38|0x0000000708c00000, 0x0000000708c00000, 0x0000000708e00000|  0%| F|  |TAMS 0x0000000708c00000, 0x0000000708c00000| Untracked 
|  39|0x0000000708e00000, 0x0000000708e00000, 0x0000000709000000|  0%| F|  |TAMS 0x0000000708e00000, 0x0000000708e00000| Untracked 
|  40|0x0000000709000000, 0x0000000709000000, 0x0000000709200000|  0%| F|  |TAMS 0x0000000709000000, 0x0000000709000000| Untracked 
|  41|0x0000000709200000, 0x0000000709200000, 0x0000000709400000|  0%| F|  |TAMS 0x0000000709200000, 0x0000000709200000| Untracked 
|  42|0x0000000709400000, 0x0000000709400000, 0x0000000709600000|  0%| F|  |TAMS 0x0000000709400000, 0x0000000709400000| Untracked 
|  43|0x0000000709600000, 0x0000000709643058, 0x0000000709800000| 13%| S|CS|TAMS 0x0000000709600000, 0x0000000709600000| Complete 
|  44|0x0000000709800000, 0x0000000709a00000, 0x0000000709a00000|100%| S|CS|TAMS 0x0000000709800000, 0x0000000709800000| Complete 
|  45|0x0000000709a00000, 0x0000000709c00000, 0x0000000709c00000|100%| S|CS|TAMS 0x0000000709a00000, 0x0000000709a00000| Complete 
|  46|0x0000000709c00000, 0x0000000709c00000, 0x0000000709e00000|  0%| F|  |TAMS 0x0000000709c00000, 0x0000000709c00000| Untracked 
|  47|0x0000000709e00000, 0x0000000709e00000, 0x000000070a000000|  0%| F|  |TAMS 0x0000000709e00000, 0x0000000709e00000| Untracked 
|  48|0x000000070a000000, 0x000000070a000000, 0x000000070a200000|  0%| F|  |TAMS 0x000000070a000000, 0x000000070a000000| Untracked 
|  49|0x000000070a200000, 0x000000070a200000, 0x000000070a400000|  0%| F|  |TAMS 0x000000070a200000, 0x000000070a200000| Untracked 
|  50|0x000000070a400000, 0x000000070a400000, 0x000000070a600000|  0%| F|  |TAMS 0x000000070a400000, 0x000000070a400000| Untracked 
|  51|0x000000070a600000, 0x000000070a600000, 0x000000070a800000|  0%| F|  |TAMS 0x000000070a600000, 0x000000070a600000| Untracked 
|  52|0x000000070a800000, 0x000000070a800000, 0x000000070aa00000|  0%| F|  |TAMS 0x000000070a800000, 0x000000070a800000| Untracked 
|  53|0x000000070aa00000, 0x000000070aa00000, 0x000000070ac00000|  0%| F|  |TAMS 0x000000070aa00000, 0x000000070aa00000| Untracked 
|  54|0x000000070ac00000, 0x000000070ac00000, 0x000000070ae00000|  0%| F|  |TAMS 0x000000070ac00000, 0x000000070ac00000| Untracked 
|  55|0x000000070ae00000, 0x000000070ae00000, 0x000000070b000000|  0%| F|  |TAMS 0x000000070ae00000, 0x000000070ae00000| Untracked 
|  56|0x000000070b000000, 0x000000070b000000, 0x000000070b200000|  0%| F|  |TAMS 0x000000070b000000, 0x000000070b000000| Untracked 
|  57|0x000000070b200000, 0x000000070b200000, 0x000000070b400000|  0%| F|  |TAMS 0x000000070b200000, 0x000000070b200000| Untracked 
|  58|0x000000070b400000, 0x000000070b400000, 0x000000070b600000|  0%| F|  |TAMS 0x000000070b400000, 0x000000070b400000| Untracked 
|  59|0x000000070b600000, 0x000000070b600000, 0x000000070b800000|  0%| F|  |TAMS 0x000000070b600000, 0x000000070b600000| Untracked 
|  60|0x000000070b800000, 0x000000070b800000, 0x000000070ba00000|  0%| F|  |TAMS 0x000000070b800000, 0x000000070b800000| Untracked 
|  61|0x000000070ba00000, 0x000000070ba00000, 0x000000070bc00000|  0%| F|  |TAMS 0x000000070ba00000, 0x000000070ba00000| Untracked 
|  62|0x000000070bc00000, 0x000000070bc00000, 0x000000070be00000|  0%| F|  |TAMS 0x000000070bc00000, 0x000000070bc00000| Untracked 
|  63|0x000000070be00000, 0x000000070be00000, 0x000000070c000000|  0%| F|  |TAMS 0x000000070be00000, 0x000000070be00000| Untracked 
|  64|0x000000070c000000, 0x000000070c000000, 0x000000070c200000|  0%| F|  |TAMS 0x000000070c000000, 0x000000070c000000| Untracked 
|  65|0x000000070c200000, 0x000000070c200000, 0x000000070c400000|  0%| F|  |TAMS 0x000000070c200000, 0x000000070c200000| Untracked 
|  66|0x000000070c400000, 0x000000070c400000, 0x000000070c600000|  0%| F|  |TAMS 0x000000070c400000, 0x000000070c400000| Untracked 
|  67|0x000000070c600000, 0x000000070c600000, 0x000000070c800000|  0%| F|  |TAMS 0x000000070c600000, 0x000000070c600000| Untracked 
|  68|0x000000070c800000, 0x000000070c800000, 0x000000070ca00000|  0%| F|  |TAMS 0x000000070c800000, 0x000000070c800000| Untracked 
|  69|0x000000070ca00000, 0x000000070ca00000, 0x000000070cc00000|  0%| F|  |TAMS 0x000000070ca00000, 0x000000070ca00000| Untracked 
|  70|0x000000070cc00000, 0x000000070cc00000, 0x000000070ce00000|  0%| F|  |TAMS 0x000000070cc00000, 0x000000070cc00000| Untracked 
|  71|0x000000070ce00000, 0x000000070cf02010, 0x000000070d000000| 50%| E|  |TAMS 0x000000070ce00000, 0x000000070ce00000| Complete 
|  72|0x000000070d000000, 0x000000070d200000, 0x000000070d200000|100%| E|CS|TAMS 0x000000070d000000, 0x000000070d000000| Complete 
|  73|0x000000070d200000, 0x000000070d400000, 0x000000070d400000|100%| E|CS|TAMS 0x000000070d200000, 0x000000070d200000| Complete 
|  74|0x000000070d400000, 0x000000070d600000, 0x000000070d600000|100%| E|CS|TAMS 0x000000070d400000, 0x000000070d400000| Complete 
|  75|0x000000070d600000, 0x000000070d800000, 0x000000070d800000|100%| E|CS|TAMS 0x000000070d600000, 0x000000070d600000| Complete 
|  76|0x000000070d800000, 0x000000070da00000, 0x000000070da00000|100%| E|CS|TAMS 0x000000070d800000, 0x000000070d800000| Complete 
|  77|0x000000070da00000, 0x000000070dc00000, 0x000000070dc00000|100%| E|CS|TAMS 0x000000070da00000, 0x000000070da00000| Complete 
|  78|0x000000070dc00000, 0x000000070de00000, 0x000000070de00000|100%| E|CS|TAMS 0x000000070dc00000, 0x000000070dc00000| Complete 
|  79|0x000000070de00000, 0x000000070e000000, 0x000000070e000000|100%| E|CS|TAMS 0x000000070de00000, 0x000000070de00000| Complete 
|  80|0x000000070e000000, 0x000000070e200000, 0x000000070e200000|100%| E|CS|TAMS 0x000000070e000000, 0x000000070e000000| Complete 
|  81|0x000000070e200000, 0x000000070e400000, 0x000000070e400000|100%| E|CS|TAMS 0x000000070e200000, 0x000000070e200000| Complete 
|  82|0x000000070e400000, 0x000000070e600000, 0x000000070e600000|100%| E|CS|TAMS 0x000000070e400000, 0x000000070e400000| Complete 
|  83|0x000000070e600000, 0x000000070e800000, 0x000000070e800000|100%| E|CS|TAMS 0x000000070e600000, 0x000000070e600000| Complete 
|  84|0x000000070e800000, 0x000000070ea00000, 0x000000070ea00000|100%| E|CS|TAMS 0x000000070e800000, 0x000000070e800000| Complete 
|  85|0x000000070ea00000, 0x000000070ec00000, 0x000000070ec00000|100%| E|CS|TAMS 0x000000070ea00000, 0x000000070ea00000| Complete 
|  86|0x000000070ec00000, 0x000000070ee00000, 0x000000070ee00000|100%| E|CS|TAMS 0x000000070ec00000, 0x000000070ec00000| Complete 
|  87|0x000000070ee00000, 0x000000070f000000, 0x000000070f000000|100%| E|CS|TAMS 0x000000070ee00000, 0x000000070ee00000| Complete 
|  88|0x000000070f000000, 0x000000070f200000, 0x000000070f200000|100%| E|CS|TAMS 0x000000070f000000, 0x000000070f000000| Complete 
| 125|0x0000000713a00000, 0x0000000713c00000, 0x0000000713c00000|100%| E|CS|TAMS 0x0000000713a00000, 0x0000000713a00000| Complete 

Card table byte_map: [0x0000027a77260000,0x0000027a77a40000] _byte_map_base: 0x0000027a73a40000

Marking Bits (Prev, Next): (CMBitMap*) 0x0000027a730f5210, (CMBitMap*) 0x0000027a730f5250
 Prev Bits: [0x0000027a78220000, 0x0000027a7c120000)
 Next Bits: [0x0000027a0f000000, 0x0000027a12f00000)

Polling page: 0x0000027a72850000

Metaspace:

Usage:
  Non-class:     37.53 MB used.
      Class:      4.55 MB used.
       Both:     42.09 MB used.

Virtual space:
  Non-class space:       64.00 MB reserved,      37.81 MB ( 59%) committed,  1 nodes.
      Class space:        1.00 GB reserved,       4.69 MB ( <1%) committed,  1 nodes.
             Both:        1.06 GB reserved,      42.50 MB (  4%) committed. 

Chunk freelists:
   Non-Class:  9.80 MB
       Class:  11.19 MB
        Both:  20.98 MB

MaxMetaspaceSize: unlimited
CompressedClassSpaceSize: 1.00 GB
Initial GC threshold: 21.00 MB
Current GC threshold: 58.69 MB
CDS: off
MetaspaceReclaimPolicy: balanced
 - commit_granule_bytes: 65536.
 - commit_granule_words: 8192.
 - virtual_space_node_default_size: 8388608.
 - enlarge_chunks_in_place: 1.
 - new_chunks_are_fully_committed: 0.
 - uncommit_free_chunks: 1.
 - use_allocation_guard: 0.
 - handle_deallocations: 1.


Internal statistics:

num_allocs_failed_limit: 6.
num_arena_births: 236.
num_arena_deaths: 0.
num_vsnodes_births: 2.
num_vsnodes_deaths: 0.
num_space_committed: 680.
num_space_uncommitted: 0.
num_chunks_returned_to_freelist: 6.
num_chunks_taken_from_freelist: 1458.
num_chunk_merges: 6.
num_chunk_splits: 1023.
num_chunks_enlarged: 792.
num_inconsistent_stats: 0.

CodeHeap 'non-profiled nmethods': size=120000Kb used=3597Kb max_used=3597Kb free=116402Kb
 bounds [0x0000027a07ad0000, 0x0000027a07e60000, 0x0000027a0f000000]
CodeHeap 'profiled nmethods': size=120000Kb used=14195Kb max_used=14195Kb free=105804Kb
 bounds [0x0000027a00000000, 0x0000027a00df0000, 0x0000027a07530000]
CodeHeap 'non-nmethods': size=5760Kb used=1259Kb max_used=1306Kb free=4500Kb
 bounds [0x0000027a07530000, 0x0000027a077a0000, 0x0000027a07ad0000]
 total_blobs=7080 nmethods=6520 adapters=472
 compilation: enabled
              stopped_count=0, restarted_count=0
 full_count=0

Compilation events (20 events):
Event: 3.877 Thread 0x0000027a170ad400 7454       3       jdk.internal.reflect.UnsafeObjectFieldAccessorImpl::set (56 bytes)
Event: 3.878 Thread 0x0000027a170ad400 nmethod 7454 0x0000027a00dd6010 code [0x0000027a00dd62a0, 0x0000027a00dd70d8]
Event: 3.878 Thread 0x0000027a170ad400 7451       3       org.eclipse.sisu.plexus.PlexusAnnotatedBeanModule$PlexusAnnotatedBeanSource::getBeanMetadata (18 bytes)
Event: 3.878 Thread 0x0000027a170ad400 nmethod 7451 0x0000027a00dd7510 code [0x0000027a00dd7700, 0x0000027a00dd7cb8]
Event: 3.878 Thread 0x0000027a170ad400 7456       3       com.google.common.collect.LinkedHashMultimap$ValueEntry::<init> (18 bytes)
Event: 3.878 Thread 0x0000027a170ad400 nmethod 7456 0x0000027a00dd7e90 code [0x0000027a00dd8040, 0x0000027a00dd8398]
Event: 3.878 Thread 0x0000027a170ad400 7458       3       com.google.common.collect.Hashing::needsResizing (22 bytes)
Event: 3.878 Thread 0x0000027a170ad400 nmethod 7458 0x0000027a00dd8490 code [0x0000027a00dd8620, 0x0000027a00dd87d8]
Event: 3.878 Thread 0x0000027a170ad400 7459       3       com.google.common.collect.AbstractMapBasedMultimap$AsMap::get (6 bytes)
Event: 3.878 Thread 0x0000027a170ad400 nmethod 7459 0x0000027a00dd8890 code [0x0000027a00dd8a20, 0x0000027a00dd8b68]
Event: 3.878 Thread 0x0000027a170ad400 7460       3       com.google.common.collect.AbstractMapBasedMultimap$AsMap::get (30 bytes)
Event: 3.878 Thread 0x0000027a170ad400 nmethod 7460 0x0000027a00dd8c10 code [0x0000027a00dd8e00, 0x0000027a00dd9448]
Event: 3.878 Thread 0x0000027a170ad400 7461   !   3       com.google.common.collect.Maps::safeGet (16 bytes)
Event: 3.878 Thread 0x0000027a170ad400 nmethod 7461 0x0000027a00dd9690 code [0x0000027a00dd9860, 0x0000027a00dd9bb8]
Event: 3.878 Thread 0x0000027a170ad400 7462       3       com.google.common.collect.AbstractMapBasedMultimap$WrappedCollection::remove (33 bytes)
Event: 3.879 Thread 0x0000027a170ad400 nmethod 7462 0x0000027a00dd9d10 code [0x0000027a00dd9ee0, 0x0000027a00dda2e8]
Event: 3.879 Thread 0x0000027a170ad400 7463       3       com.google.common.collect.LinkedHashMultimap$ValueSet::remove (115 bytes)
Event: 3.879 Thread 0x0000027a170ad400 nmethod 7463 0x0000027a00dda490 code [0x0000027a00dda740, 0x0000027a00ddb8a8]
Event: 3.881 Thread 0x0000027a170ad400 7464       2       java.util.regex.Pattern$BmpCharPredicate$$Lambda$3/0x00000008000836a8::is (15 bytes)
Event: 3.881 Thread 0x0000027a170ad400 nmethod 7464 0x0000027a00ddbe90 code [0x0000027a00ddc040, 0x0000027a00ddc258]

GC Heap History (20 events):
Event: 0.929 GC heap before
{Heap before GC invocations=2 (full 0):
 garbage-first heap   total 258048K, used 18032K [0x0000000704000000, 0x0000000800000000)
  region size 2048K, 8 young (16384K), 1 survivors (2048K)
 Metaspace       used 21332K, committed 21504K, reserved 1114112K
  class space    used 2290K, committed 2368K, reserved 1048576K
}
Event: 0.931 GC heap after
{Heap after GC invocations=3 (full 0):
 garbage-first heap   total 258048K, used 6896K [0x0000000704000000, 0x0000000800000000)
  region size 2048K, 2 young (4096K), 2 survivors (4096K)
 Metaspace       used 21332K, committed 21504K, reserved 1114112K
  class space    used 2290K, committed 2368K, reserved 1048576K
}
Event: 1.199 GC heap before
{Heap before GC invocations=4 (full 0):
 garbage-first heap   total 40960K, used 27376K [0x0000000704000000, 0x0000000800000000)
  region size 2048K, 13 young (26624K), 2 survivors (4096K)
 Metaspace       used 24612K, committed 24832K, reserved 1114112K
  class space    used 2651K, committed 2752K, reserved 1048576K
}
Event: 1.203 GC heap after
{Heap after GC invocations=5 (full 0):
 garbage-first heap   total 40960K, used 9220K [0x0000000704000000, 0x0000000800000000)
  region size 2048K, 3 young (6144K), 3 survivors (6144K)
 Metaspace       used 24612K, committed 24832K, reserved 1114112K
  class space    used 2651K, committed 2752K, reserved 1048576K
}
Event: 1.214 GC heap before
{Heap before GC invocations=5 (full 0):
 garbage-first heap   total 40960K, used 11268K [0x0000000704000000, 0x0000000800000000)
  region size 2048K, 4 young (8192K), 3 survivors (6144K)
 Metaspace       used 24649K, committed 24832K, reserved 1114112K
  class space    used 2651K, committed 2752K, reserved 1048576K
}
Event: 1.219 GC heap after
{Heap after GC invocations=6 (full 0):
 garbage-first heap   total 40960K, used 10039K [0x0000000704000000, 0x0000000800000000)
  region size 2048K, 1 young (2048K), 1 survivors (2048K)
 Metaspace       used 24649K, committed 24832K, reserved 1114112K
  class space    used 2651K, committed 2752K, reserved 1048576K
}
Event: 1.342 GC heap before
{Heap before GC invocations=6 (full 0):
 garbage-first heap   total 40960K, used 26423K [0x0000000704000000, 0x0000000800000000)
  region size 2048K, 9 young (18432K), 1 survivors (2048K)
 Metaspace       used 25216K, committed 25408K, reserved 1114112K
  class space    used 2707K, committed 2816K, reserved 1048576K
}
Event: 1.346 GC heap after
{Heap after GC invocations=7 (full 0):
 garbage-first heap   total 149504K, used 11651K [0x0000000704000000, 0x0000000800000000)
  region size 2048K, 2 young (4096K), 2 survivors (4096K)
 Metaspace       used 25216K, committed 25408K, reserved 1114112K
  class space    used 2707K, committed 2816K, reserved 1048576K
}
Event: 2.005 GC heap before
{Heap before GC invocations=7 (full 0):
 garbage-first heap   total 149504K, used 95619K [0x0000000704000000, 0x0000000800000000)
  region size 2048K, 43 young (88064K), 2 survivors (4096K)
 Metaspace       used 29118K, committed 29376K, reserved 1114112K
  class space    used 3088K, committed 3200K, reserved 1048576K
}
Event: 2.010 GC heap after
{Heap after GC invocations=8 (full 0):
 garbage-first heap   total 149504K, used 15688K [0x0000000704000000, 0x0000000800000000)
  region size 2048K, 4 young (8192K), 4 survivors (8192K)
 Metaspace       used 29118K, committed 29376K, reserved 1114112K
  class space    used 3088K, committed 3200K, reserved 1048576K
}
Event: 2.544 GC heap before
{Heap before GC invocations=8 (full 0):
 garbage-first heap   total 149504K, used 87368K [0x0000000704000000, 0x0000000800000000)
  region size 2048K, 40 young (81920K), 4 survivors (8192K)
 Metaspace       used 35696K, committed 35968K, reserved 1114112K
  class space    used 3838K, committed 3968K, reserved 1048576K
}
Event: 2.557 GC heap after
{Heap after GC invocations=9 (full 0):
 garbage-first heap   total 149504K, used 31393K [0x0000000704000000, 0x0000000800000000)
  region size 2048K, 6 young (12288K), 6 survivors (12288K)
 Metaspace       used 35696K, committed 35968K, reserved 1114112K
  class space    used 3838K, committed 3968K, reserved 1048576K
}
Event: 3.214 GC heap before
{Heap before GC invocations=10 (full 0):
 garbage-first heap   total 116736K, used 88737K [0x0000000704000000, 0x0000000800000000)
  region size 2048K, 34 young (69632K), 6 survivors (12288K)
 Metaspace       used 39186K, committed 39552K, reserved 1114112K
  class space    used 4239K, committed 4416K, reserved 1048576K
}
Event: 3.223 GC heap after
{Heap after GC invocations=11 (full 0):
 garbage-first heap   total 116736K, used 35596K [0x0000000704000000, 0x0000000800000000)
  region size 2048K, 2 young (4096K), 2 survivors (4096K)
 Metaspace       used 39186K, committed 39552K, reserved 1114112K
  class space    used 4239K, committed 4416K, reserved 1048576K
}
Event: 3.263 GC heap before
{Heap before GC invocations=11 (full 0):
 garbage-first heap   total 116736K, used 37644K [0x0000000704000000, 0x0000000800000000)
  region size 2048K, 3 young (6144K), 2 survivors (4096K)
 Metaspace       used 39270K, committed 39680K, reserved 1114112K
  class space    used 4247K, committed 4480K, reserved 1048576K
}
Event: 3.270 GC heap after
{Heap after GC invocations=12 (full 0):
 garbage-first heap   total 116736K, used 36469K [0x0000000704000000, 0x0000000800000000)
  region size 2048K, 1 young (2048K), 1 survivors (2048K)
 Metaspace       used 39270K, committed 39680K, reserved 1114112K
  class space    used 4247K, committed 4480K, reserved 1048576K
}
Event: 3.513 GC heap before
{Heap before GC invocations=12 (full 0):
 garbage-first heap   total 116736K, used 83573K [0x0000000704000000, 0x0000000800000000)
  region size 2048K, 24 young (49152K), 1 survivors (2048K)
 Metaspace       used 40300K, committed 40640K, reserved 1114112K
  class space    used 4313K, committed 4480K, reserved 1048576K
}
Event: 3.518 GC heap after
{Heap after GC invocations=13 (full 0):
 garbage-first heap   total 116736K, used 38452K [0x0000000704000000, 0x0000000800000000)
  region size 2048K, 2 young (4096K), 2 survivors (4096K)
 Metaspace       used 40300K, committed 40640K, reserved 1114112K
  class space    used 4313K, committed 4480K, reserved 1048576K
}
Event: 3.690 GC heap before
{Heap before GC invocations=13 (full 0):
 garbage-first heap   total 116736K, used 75316K [0x0000000704000000, 0x0000000800000000)
  region size 2048K, 13 young (26624K), 2 survivors (4096K)
 Metaspace       used 42050K, committed 42496K, reserved 1114112K
  class space    used 4548K, committed 4736K, reserved 1048576K
}
Event: 3.692 GC heap after
{Heap after GC invocations=14 (full 0):
 garbage-first heap   total 184320K, used 56510K [0x0000000704000000, 0x0000000800000000)
  region size 2048K, 3 young (6144K), 3 survivors (6144K)
 Metaspace       used 42050K, committed 42496K, reserved 1114112K
  class space    used 4548K, committed 4736K, reserved 1048576K
}

Dll operation events (7 events):
Event: 0.004 Loaded shared library C:\Users\aep_development1\.p2\pool\plugins\org.eclipse.justj.openjdk.hotspot.jre.full.win32.x86_64_17.0.8.v20230831-1047\jre\bin\java.dll
Event: 0.072 Loaded shared library C:\Users\aep_development1\.p2\pool\plugins\org.eclipse.justj.openjdk.hotspot.jre.full.win32.x86_64_17.0.8.v20230831-1047\jre\bin\net.dll
Event: 0.073 Loaded shared library C:\Users\aep_development1\.p2\pool\plugins\org.eclipse.justj.openjdk.hotspot.jre.full.win32.x86_64_17.0.8.v20230831-1047\jre\bin\nio.dll
Event: 0.077 Loaded shared library C:\Users\aep_development1\.p2\pool\plugins\org.eclipse.justj.openjdk.hotspot.jre.full.win32.x86_64_17.0.8.v20230831-1047\jre\bin\zip.dll
Event: 0.152 Loaded shared library C:\Users\aep_development1\.p2\pool\plugins\org.eclipse.justj.openjdk.hotspot.jre.full.win32.x86_64_17.0.8.v20230831-1047\jre\bin\jimage.dll
Event: 0.171 Loaded shared library C:\Users\aep_development1\AppData\Local\Temp\jansi-2.4.0-e8de4b6d60808672-jansi.dll
Event: 0.283 Loaded shared library C:\Users\aep_development1\.p2\pool\plugins\org.eclipse.justj.openjdk.hotspot.jre.full.win32.x86_64_17.0.8.v20230831-1047\jre\bin\verify.dll

Deoptimization events (20 events):
Event: 3.834 Thread 0x0000027a73089e10 DEOPT PACKING pc=0x0000027a008dc3b4 sp=0x000000a822bfc8d0
Event: 3.834 Thread 0x0000027a73089e10 DEOPT UNPACKING pc=0x0000027a0758ace3 sp=0x000000a822bfbd40 mode 0
Event: 3.866 Thread 0x0000027a73089e10 DEOPT PACKING pc=0x0000027a008dc3b4 sp=0x000000a822bfb5f0
Event: 3.866 Thread 0x0000027a73089e10 DEOPT UNPACKING pc=0x0000027a0758ace3 sp=0x000000a822bfaa60 mode 0
Event: 3.881 Thread 0x0000027a73089e10 Uncommon trap: trap_request=0xffffffde fr.pc=0x0000027a07de76dc relative=0x00000000000001bc
Event: 3.881 Thread 0x0000027a73089e10 Uncommon trap: reason=class_check action=maybe_recompile pc=0x0000027a07de76dc method=java.util.regex.Pattern$BmpCharPredicate.lambda$union$2(Ljava/util/regex/Pattern$CharPredicate;I)Z @ 12 c2
Event: 3.881 Thread 0x0000027a73089e10 DEOPT PACKING pc=0x0000027a07de76dc sp=0x000000a822bfaee0
Event: 3.881 Thread 0x0000027a73089e10 DEOPT UNPACKING pc=0x0000027a0758a1a3 sp=0x000000a822bfadf8 mode 2
Event: 3.881 Thread 0x0000027a73089e10 Uncommon trap: trap_request=0xffffffde fr.pc=0x0000027a07de76dc relative=0x00000000000001bc
Event: 3.881 Thread 0x0000027a73089e10 Uncommon trap: reason=class_check action=maybe_recompile pc=0x0000027a07de76dc method=java.util.regex.Pattern$BmpCharPredicate.lambda$union$2(Ljava/util/regex/Pattern$CharPredicate;I)Z @ 12 c2
Event: 3.881 Thread 0x0000027a73089e10 DEOPT PACKING pc=0x0000027a07de76dc sp=0x000000a822bfaf10
Event: 3.881 Thread 0x0000027a73089e10 DEOPT UNPACKING pc=0x0000027a0758a1a3 sp=0x000000a822bfae28 mode 2
Event: 3.881 Thread 0x0000027a73089e10 Uncommon trap: trap_request=0xffffffde fr.pc=0x0000027a07de76dc relative=0x00000000000001bc
Event: 3.881 Thread 0x0000027a73089e10 Uncommon trap: reason=class_check action=maybe_recompile pc=0x0000027a07de76dc method=java.util.regex.Pattern$BmpCharPredicate.lambda$union$2(Ljava/util/regex/Pattern$CharPredicate;I)Z @ 12 c2
Event: 3.881 Thread 0x0000027a73089e10 DEOPT PACKING pc=0x0000027a07de76dc sp=0x000000a822bfaee0
Event: 3.881 Thread 0x0000027a73089e10 DEOPT UNPACKING pc=0x0000027a0758a1a3 sp=0x000000a822bfadf8 mode 2
Event: 3.881 Thread 0x0000027a73089e10 Uncommon trap: trap_request=0xffffffde fr.pc=0x0000027a07de76dc relative=0x00000000000001bc
Event: 3.881 Thread 0x0000027a73089e10 Uncommon trap: reason=class_check action=maybe_recompile pc=0x0000027a07de76dc method=java.util.regex.Pattern$BmpCharPredicate.lambda$union$2(Ljava/util/regex/Pattern$CharPredicate;I)Z @ 12 c2
Event: 3.881 Thread 0x0000027a73089e10 DEOPT PACKING pc=0x0000027a07de76dc sp=0x000000a822bfaf10
Event: 3.881 Thread 0x0000027a73089e10 DEOPT UNPACKING pc=0x0000027a0758a1a3 sp=0x000000a822bfae28 mode 2

Classes unloaded (0 events):
No events

Classes redefined (0 events):
No events

Internal exceptions (20 events):
Event: 3.204 Thread 0x0000027a73089e10 Exception <a 'sun/nio/fs/WindowsException'{0x0000000706f84fc8}> (0x0000000706f84fc8) 
thrown [s\src\hotspot\share\prims\jni.cpp, line 516]
Event: 3.204 Thread 0x0000027a73089e10 Exception <a 'sun/nio/fs/WindowsException'{0x0000000706f852b0}> (0x0000000706f852b0) 
thrown [s\src\hotspot\share\prims\jni.cpp, line 516]
Event: 3.204 Thread 0x0000027a73089e10 Exception <a 'sun/nio/fs/WindowsException'{0x0000000706f8d5a0}> (0x0000000706f8d5a0) 
thrown [s\src\hotspot\share\prims\jni.cpp, line 516]
Event: 3.204 Thread 0x0000027a73089e10 Exception <a 'sun/nio/fs/WindowsException'{0x0000000706f8d838}> (0x0000000706f8d838) 
thrown [s\src\hotspot\share\prims\jni.cpp, line 516]
Event: 3.204 Thread 0x0000027a73089e10 Exception <a 'sun/nio/fs/WindowsException'{0x0000000706f9c0d8}> (0x0000000706f9c0d8) 
thrown [s\src\hotspot\share\prims\jni.cpp, line 516]
Event: 3.204 Thread 0x0000027a73089e10 Exception <a 'sun/nio/fs/WindowsException'{0x0000000706f9c3b8}> (0x0000000706f9c3b8) 
thrown [s\src\hotspot\share\prims\jni.cpp, line 516]
Event: 3.204 Thread 0x0000027a73089e10 Exception <a 'sun/nio/fs/WindowsException'{0x0000000706f9d848}> (0x0000000706f9d848) 
thrown [s\src\hotspot\share\prims\jni.cpp, line 516]
Event: 3.204 Thread 0x0000027a73089e10 Exception <a 'sun/nio/fs/WindowsException'{0x0000000706f9dba8}> (0x0000000706f9dba8) 
thrown [s\src\hotspot\share\prims\jni.cpp, line 516]
Event: 3.206 Thread 0x0000027a73089e10 Exception <a 'sun/nio/fs/WindowsException'{0x0000000706facae0}> (0x0000000706facae0) 
thrown [s\src\hotspot\share\prims\jni.cpp, line 516]
Event: 3.206 Thread 0x0000027a73089e10 Exception <a 'sun/nio/fs/WindowsException'{0x0000000706fad190}> (0x0000000706fad190) 
thrown [s\src\hotspot\share\prims\jni.cpp, line 516]
Event: 3.206 Thread 0x0000027a73089e10 Exception <a 'sun/nio/fs/WindowsException'{0x0000000706fad9e8}> (0x0000000706fad9e8) 
thrown [s\src\hotspot\share\prims\jni.cpp, line 516]
Event: 3.226 Thread 0x0000027a73089e10 Exception <a 'sun/nio/fs/WindowsException'{0x0000000713a168b8}> (0x0000000713a168b8) 
thrown [s\src\hotspot\share\prims\jni.cpp, line 516]
Event: 3.226 Thread 0x0000027a73089e10 Exception <a 'sun/nio/fs/WindowsException'{0x0000000713a16f68}> (0x0000000713a16f68) 
thrown [s\src\hotspot\share\prims\jni.cpp, line 516]
Event: 3.227 Thread 0x0000027a73089e10 Exception <a 'sun/nio/fs/WindowsException'{0x0000000713a177c0}> (0x0000000713a177c0) 
thrown [s\src\hotspot\share\prims\jni.cpp, line 516]
Event: 3.403 Thread 0x0000027a1845e580 Implicit null exception at 0x0000027a07c5ca6c to 0x0000027a07c5cb18
Event: 3.409 Thread 0x0000027a1845e580 Exception <a 'java/lang/NoSuchMethodError'{0x0000000709814f20}: 'java.lang.Object java.lang.invoke.DirectMethodHandle$Holder.invokeStaticInit(java.lang.Object, java.lang.Object, long, java.lang.Object)'> (0x0000000709814f20) 
thrown [s\src\hotspot\share\interpreter\linkResolver.cpp, line 759]
Event: 3.409 Thread 0x0000027a1845e580 Exception <a 'java/lang/NoSuchMethodError'{0x000000070981b660}: 'java.lang.Object java.lang.invoke.DirectMethodHandle$Holder.newInvokeSpecial(java.lang.Object, java.lang.Object, long)'> (0x000000070981b660) 
thrown [s\src\hotspot\share\interpreter\linkResolver.cpp, line 759]
Event: 3.409 Thread 0x0000027a1845e580 Exception <a 'java/lang/NoSuchMethodError'{0x000000070981f1d0}: 'java.lang.Object java.lang.invoke.Invokers$Holder.linkToTargetMethod(java.lang.Object, long, java.lang.Object)'> (0x000000070981f1d0) 
thrown [s\src\hotspot\share\interpreter\linkResolver.cpp, line 759]
Event: 3.410 Thread 0x0000027a73089e10 Exception <a 'java/lang/NoSuchMethodError'{0x000000070997bc10}: 'java.lang.String org.apache.maven.execution.MavenExecutionRequest.getFailureBehavior()'> (0x000000070997bc10) 
thrown [s\src\hotspot\share\interpreter\linkResolver.cpp, line 855]
Event: 3.867 Thread 0x0000027a73089e10 Exception <a 'java/lang/NoClassDefFoundError'{0x000000070d4fd558}: org/sonatype/aether/graph/DependencyNode> (0x000000070d4fd558) 
thrown [s\src\hotspot\share\classfile\systemDictionary.cpp, line 245]

VM Operations (20 events):
Event: 3.263 Executing VM operation: G1CollectForAllocation
Event: 3.270 Executing VM operation: G1CollectForAllocation done
Event: 3.393 Executing VM operation: HandshakeAllThreads
Event: 3.393 Executing VM operation: HandshakeAllThreads done
Event: 3.396 Executing VM operation: HandshakeAllThreads
Event: 3.396 Executing VM operation: HandshakeAllThreads done
Event: 3.447 Executing VM operation: ICBufferFull
Event: 3.447 Executing VM operation: ICBufferFull done
Event: 3.513 Executing VM operation: G1CollectForAllocation
Event: 3.518 Executing VM operation: G1CollectForAllocation done
Event: 3.585 Executing VM operation: HandshakeAllThreads
Event: 3.585 Executing VM operation: HandshakeAllThreads done
Event: 3.613 Executing VM operation: HandshakeAllThreads
Event: 3.613 Executing VM operation: HandshakeAllThreads done
Event: 3.653 Executing VM operation: HandshakeAllThreads
Event: 3.653 Executing VM operation: HandshakeAllThreads done
Event: 3.685 Executing VM operation: HandshakeAllThreads
Event: 3.685 Executing VM operation: HandshakeAllThreads done
Event: 3.689 Executing VM operation: G1TryInitiateConcMark
Event: 3.692 Executing VM operation: G1TryInitiateConcMark done

Events (20 events):
Event: 3.701 Thread 0x0000027a19de7dc0 Thread exited: 0x0000027a19de7dc0
Event: 3.701 Thread 0x0000027a19de87e0 Thread exited: 0x0000027a19de87e0
Event: 3.701 Thread 0x0000027a19de5a50 Thread exited: 0x0000027a19de5a50
Event: 3.701 Thread 0x0000027a19ded3d0 Thread exited: 0x0000027a19ded3d0
Event: 3.701 Thread 0x0000027a19de6980 Thread exited: 0x0000027a19de6980
Event: 3.701 Thread 0x0000027a1845e580 Thread exited: 0x0000027a1845e580
Event: 3.841 loading class javax/management/InstanceNotFoundException
Event: 3.841 loading class javax/management/OperationsException
Event: 3.841 loading class javax/management/JMException
Event: 3.841 loading class javax/management/JMException done
Event: 3.841 loading class javax/management/OperationsException done
Event: 3.841 loading class javax/management/InstanceNotFoundException done
Event: 3.841 loading class javax/management/MBeanServerConnection
Event: 3.841 loading class javax/management/MBeanServerConnection done
Event: 3.850 loading class javax/management/ReflectionException
Event: 3.850 loading class javax/management/ReflectionException done
Event: 3.868 loading class java/util/jar/JarOutputStream
Event: 3.868 loading class java/util/zip/ZipOutputStream
Event: 3.869 loading class java/util/zip/ZipOutputStream done
Event: 3.869 loading class java/util/jar/JarOutputStream done


Dynamic libraries:
0x00007ff73f460000 - 0x00007ff73f46e000 	C:\Users\aep_development1\.p2\pool\plugins\org.eclipse.justj.openjdk.hotspot.jre.full.win32.x86_64_17.0.8.v20230831-1047\jre\bin\javaw.exe
0x00007ff8f2b10000 - 0x00007ff8f2d05000 	C:\Windows\SYSTEM32\ntdll.dll
0x00007ff8f18f0000 - 0x00007ff8f19ae000 	C:\Windows\System32\KERNEL32.DLL
0x00007ff8f0560000 - 0x00007ff8f0828000 	C:\Windows\System32\KERNELBASE.dll
0x00007ff8f09f0000 - 0x00007ff8f0af0000 	C:\Windows\System32\ucrtbase.dll
0x00007ff8e0910000 - 0x00007ff8e0927000 	C:\Users\aep_development1\.p2\pool\plugins\org.eclipse.justj.openjdk.hotspot.jre.full.win32.x86_64_17.0.8.v20230831-1047\jre\bin\jli.dll
0x00007ff8e0930000 - 0x00007ff8e0949000 	C:\Users\aep_development1\.p2\pool\plugins\org.eclipse.justj.openjdk.hotspot.jre.full.win32.x86_64_17.0.8.v20230831-1047\jre\bin\VCRUNTIME140.dll
0x00007ff8f1720000 - 0x00007ff8f18c1000 	C:\Windows\System32\USER32.dll
0x00007ff8dab50000 - 0x00007ff8dadea000 	C:\Windows\WinSxS\amd64_microsoft.windows.common-controls_6595b64144ccf1df_6.0.19041.1110_none_60b5254171f9507e\COMCTL32.dll
0x00007ff8f1a20000 - 0x00007ff8f1abe000 	C:\Windows\System32\msvcrt.dll
0x00007ff8f0af0000 - 0x00007ff8f0b12000 	C:\Windows\System32\win32u.dll
0x00007ff8f2a70000 - 0x00007ff8f2a9b000 	C:\Windows\System32\GDI32.dll
0x00007ff8f0830000 - 0x00007ff8f093d000 	C:\Windows\System32\gdi32full.dll
0x00007ff8f03a0000 - 0x00007ff8f043d000 	C:\Windows\System32\msvcp_win.dll
0x00007ff8f2230000 - 0x00007ff8f2260000 	C:\Windows\System32\IMM32.DLL
0x00007ff8da6e0000 - 0x00007ff8da6ec000 	C:\Users\aep_development1\.p2\pool\plugins\org.eclipse.justj.openjdk.hotspot.jre.full.win32.x86_64_17.0.8.v20230831-1047\jre\bin\vcruntime140_1.dll
0x00007ff8bbf10000 - 0x00007ff8bbfa1000 	C:\Users\aep_development1\.p2\pool\plugins\org.eclipse.justj.openjdk.hotspot.jre.full.win32.x86_64_17.0.8.v20230831-1047\jre\bin\msvcp140.dll
0x00007ff8925f0000 - 0x00007ff89323c000 	C:\Users\aep_development1\.p2\pool\plugins\org.eclipse.justj.openjdk.hotspot.jre.full.win32.x86_64_17.0.8.v20230831-1047\jre\bin\server\jvm.dll
0x00007ff8f1390000 - 0x00007ff8f143c000 	C:\Windows\System32\ADVAPI32.dll
0x00007ff8f2190000 - 0x00007ff8f222b000 	C:\Windows\System32\sechost.dll
0x00007ff8f1440000 - 0x00007ff8f156a000 	C:\Windows\System32\RPCRT4.dll
0x00007ff8ef770000 - 0x00007ff8ef7bb000 	C:\Windows\SYSTEM32\POWRPROF.dll
0x00007ff8e62f0000 - 0x00007ff8e62fa000 	C:\Windows\SYSTEM32\VERSION.dll
0x00007ff8d7cc0000 - 0x00007ff8d7ce7000 	C:\Windows\SYSTEM32\WINMM.dll
0x00007ff8c5090000 - 0x00007ff8c5099000 	C:\Windows\SYSTEM32\WSOCK32.dll
0x00007ff8f19b0000 - 0x00007ff8f1a1b000 	C:\Windows\System32\WS2_32.dll
0x00007ff8ef5e0000 - 0x00007ff8ef5f2000 	C:\Windows\SYSTEM32\UMPDC.dll
0x00007ff8eea30000 - 0x00007ff8eea42000 	C:\Windows\SYSTEM32\kernel.appcore.dll
0x00007ff8e8420000 - 0x00007ff8e842a000 	C:\Users\aep_development1\.p2\pool\plugins\org.eclipse.justj.openjdk.hotspot.jre.full.win32.x86_64_17.0.8.v20230831-1047\jre\bin\jimage.dll
0x00007ff8ede10000 - 0x00007ff8edff4000 	C:\Windows\SYSTEM32\DBGHELP.DLL
0x00007ff8d79f0000 - 0x00007ff8d7a1c000 	C:\Windows\SYSTEM32\dbgcore.DLL
0x00007ff8f04d0000 - 0x00007ff8f0552000 	C:\Windows\System32\bcryptPrimitives.dll
0x00007ff8d9fa0000 - 0x00007ff8d9fc5000 	C:\Users\aep_development1\.p2\pool\plugins\org.eclipse.justj.openjdk.hotspot.jre.full.win32.x86_64_17.0.8.v20230831-1047\jre\bin\java.dll
0x00007ff8e8400000 - 0x00007ff8e8418000 	C:\Users\aep_development1\.p2\pool\plugins\org.eclipse.justj.openjdk.hotspot.jre.full.win32.x86_64_17.0.8.v20230831-1047\jre\bin\zip.dll
0x00007ff8f2320000 - 0x00007ff8f2a64000 	C:\Windows\System32\SHELL32.dll
0x00007ff8ee280000 - 0x00007ff8eea14000 	C:\Windows\SYSTEM32\windows.storage.dll
0x00007ff8f0fa0000 - 0x00007ff8f12f5000 	C:\Windows\System32\combase.dll
0x00007ff8efb60000 - 0x00007ff8efb8e000 	C:\Windows\SYSTEM32\Wldp.dll
0x00007ff8f1ed0000 - 0x00007ff8f1f7d000 	C:\Windows\System32\SHCORE.dll
0x00007ff8f2130000 - 0x00007ff8f2185000 	C:\Windows\System32\shlwapi.dll
0x00007ff8f0130000 - 0x00007ff8f014f000 	C:\Windows\SYSTEM32\profapi.dll
0x00007ff8e83a0000 - 0x00007ff8e83b9000 	C:\Users\aep_development1\.p2\pool\plugins\org.eclipse.justj.openjdk.hotspot.jre.full.win32.x86_64_17.0.8.v20230831-1047\jre\bin\net.dll
0x00007ff8eab50000 - 0x00007ff8eac5c000 	C:\Windows\SYSTEM32\WINHTTP.dll
0x00007ff8ef940000 - 0x00007ff8ef9aa000 	C:\Windows\system32\mswsock.dll
0x00007ff8e6240000 - 0x00007ff8e6255000 	C:\Users\aep_development1\.p2\pool\plugins\org.eclipse.justj.openjdk.hotspot.jre.full.win32.x86_64_17.0.8.v20230831-1047\jre\bin\nio.dll
0x0000000069ac0000 - 0x0000000069ae4000 	C:\Users\aep_development1\AppData\Local\Temp\jansi-2.4.0-e8de4b6d60808672-jansi.dll
0x00007ff8dc4b0000 - 0x00007ff8dc4c0000 	C:\Users\aep_development1\.p2\pool\plugins\org.eclipse.justj.openjdk.hotspot.jre.full.win32.x86_64_17.0.8.v20230831-1047\jre\bin\verify.dll
0x00007ff8ef600000 - 0x00007ff8ef63b000 	C:\Windows\SYSTEM32\IPHLPAPI.DLL
0x00007ff8f18d0000 - 0x00007ff8f18d8000 	C:\Windows\System32\NSI.dll
0x00007ff8e9e80000 - 0x00007ff8e9e97000 	C:\Windows\SYSTEM32\dhcpcsvc6.DLL
0x00007ff8e9320000 - 0x00007ff8e933d000 	C:\Windows\SYSTEM32\dhcpcsvc.DLL
0x00007ff8ef640000 - 0x00007ff8ef70b000 	C:\Windows\SYSTEM32\DNSAPI.dll

dbghelp: loaded successfully - version: 4.0.5 - missing functions: none
symbol engine: initialized successfully - sym options: 0x614 - pdb path: .;C:\Users\aep_development1\.p2\pool\plugins\org.eclipse.justj.openjdk.hotspot.jre.full.win32.x86_64_17.0.8.v20230831-1047\jre\bin;C:\Windows\SYSTEM32;C:\Windows\WinSxS\amd64_microsoft.windows.common-controls_6595b64144ccf1df_6.0.19041.1110_none_60b5254171f9507e;C:\Users\aep_development1\.p2\pool\plugins\org.eclipse.justj.openjdk.hotspot.jre.full.win32.x86_64_17.0.8.v20230831-1047\jre\bin\server;C:\Users\aep_development1\AppData\Local\Temp

VM Arguments:
jvm_args: -Dmaven.home=EMBEDDED -Dclassworlds.conf=C:\Users\aep_development1\eclipse-workspace\.metadata\.plugins\org.eclipse.m2e.launching\launches\m2conf4598812125042614349.tmp -Dmaven.multiModuleProjectDirectory=F:\esraa\Apps\Vending_Machine -Dm2e.build.project.data.socket.port=53479 -Dfile.encoding=UTF-8 -XX:+ShowCodeDetailsInExceptionMessages 
java_command: org.codehaus.plexus.classworlds.launcher.Launcher -B -Dmaven.test.skip=true -DskipTests -Dstyle.color=always clean install
java_class_path (initial): C:\Users\aep_development1\.p2\pool\plugins\org.eclipse.m2e.maven.runtime_3.9.100.20230519-1558\jars\plexus-classworlds-2.6.0.jar
Launcher Type: SUN_STANDARD

[Global flags]
     intx CICompilerCount                          = 4                                         {product} {ergonomic}
     uint ConcGCThreads                            = 2                                         {product} {ergonomic}
     uint G1ConcRefinementThreads                  = 8                                         {product} {ergonomic}
   size_t G1HeapRegionSize                         = 2097152                                   {product} {ergonomic}
    uintx GCDrainStackTargetSize                   = 64                                        {product} {ergonomic}
   size_t InitialHeapSize                          = 264241152                                 {product} {ergonomic}
   size_t MarkStackSize                            = 4194304                                   {product} {ergonomic}
   size_t MaxHeapSize                              = 4227858432                                {product} {ergonomic}
   size_t MaxNewSize                               = 2535456768                                {product} {ergonomic}
   size_t MinHeapDeltaBytes                        = 2097152                                   {product} {ergonomic}
   size_t MinHeapSize                              = 8388608                                   {product} {ergonomic}
    uintx NonNMethodCodeHeapSize                   = 5839372                                {pd product} {ergonomic}
    uintx NonProfiledCodeHeapSize                  = 122909434                              {pd product} {ergonomic}
    uintx ProfiledCodeHeapSize                     = 122909434                              {pd product} {ergonomic}
    uintx ReservedCodeCacheSize                    = 251658240                              {pd product} {ergonomic}
     bool SegmentedCodeCache                       = true                                      {product} {ergonomic}
     bool ShowCodeDetailsInExceptionMessages       = true                                   {manageable} {command line}
   size_t SoftMaxHeapSize                          = 4227858432                             {manageable} {ergonomic}
     bool UseCompressedClassPointers               = true                           {product lp64_product} {ergonomic}
     bool UseCompressedOops                        = true                           {product lp64_product} {ergonomic}
     bool UseG1GC                                  = true                                      {product} {ergonomic}
     bool UseLargePagesIndividualAllocation        = false                                  {pd product} {ergonomic}

Logging:
Log output configuration:
 #0: stdout all=warning uptime,level,tags
 #1: stderr all=off uptime,level,tags

Environment Variables:
JAVA_HOME=C:\Program Files\Java\jdk1.8.0_251
PATH=C:/Users/aep_development1/.p2/pool/plugins/org.eclipse.justj.openjdk.hotspot.jre.full.win32.x86_64_17.0.8.v20230831-1047/jre/bin/server;C:/Users/aep_development1/.p2/pool/plugins/org.eclipse.justj.openjdk.hotspot.jre.full.win32.x86_64_17.0.8.v20230831-1047/jre/bin;C:\Program Files\Common Files\Oracle\Java\javapath;C:\Windows\system32;C:\Windows;C:\Windows\System32\Wbem;C:\Windows\System32\WindowsPowerShell\v1.0\;C:\Windows\System32\OpenSSH\;F:\esraa\AMAN\apache-maven-3.6.3\bin;C:\Program Files\nodejs\;C:\Program Files\Java\jdk1.8.0_251\bin;C:\kafka\kafka_2.13-3.3.1\bin\windows;C:\Program Files\Docker\Docker\resources\bin;F:\product\12.1.0\client_1\bin;C:\Program Files\Git\cmd;C:\Users\aep_development1\AppData\Local\Microsoft\WindowsApps;C:\Users\aep_development1\AppData\Roaming\npm;C:\Users\aep_development1\AppData\Local\Programs\Microsoft VS Code\bin;C:\Program Files\Java\jdk1.8.0_251;;C:\Windows\System32;
USERNAME=aep_development1
OS=Windows_NT
PROCESSOR_IDENTIFIER=Intel64 Family 6 Model 140 Stepping 1, GenuineIntel
TMP=C:\Users\AEP_DE~1\AppData\Local\Temp
TEMP=C:\Users\AEP_DE~1\AppData\Local\Temp



---------------  S Y S T E M  ---------------

OS:
 Windows 10 , 64 bit Build 19041 (10.0.19041.1348)
OS uptime: 11 days 0:20 hours
Hyper-V role detected

CPU: total 8 (initial active 8) (4 cores per cpu, 2 threads per core) family 6 model 140 stepping 1 microcode 0xa4, cx8, cmov, fxsr, ht, mmx, 3dnowpref, sse, sse2, sse3, ssse3, sse4.1, sse4.2, popcnt, lzcnt, tsc, tscinvbit, avx, avx2, aes, erms, clmul, bmi1, bmi2, adx, avx512f, avx512dq, avx512cd, avx512bw, avx512vl, sha, fma, vzeroupper, avx512_vpopcntdq, avx512_vpclmulqdq, avx512_vaes, avx512_vnni, clflush, clflushopt, clwb, avx512_vbmi2, avx512_vbmi, hv
Processor Information for all 8 processors :
  Max Mhz: 2803, Current Mhz: 2803, Mhz Limit: 2803

Memory: 4k page, system-wide physical 16126M (3100M free)
TotalPageFile size 18174M (AvailPageFile size 6M)
current process WorkingSet (physical memory assigned to process): 314M, peak: 314M
current process commit charge ("private bytes"): 386M, peak: 388M

vm_info: OpenJDK 64-Bit Server VM (17.0.8.1+1) for windows-amd64 JRE (17.0.8.1+1), built on Aug 23 2023 15:29:17 by "admin" with MS VC++ 16.7 (VS2019)

END.
